<?xml version="1.0" encoding="UTF-8"?>
<testsuite xmlns:xsi="http://www.w3.org/2001/XMLSchema-instance" xsi:noNamespaceSchemaLocation="https://maven.apache.org/surefire/maven-surefire-plugin/xsd/surefire-test-report.xsd" name="pt.goncalo.springplayground.CucumberTest.SampleIntegrationTest" time="10.159" tests="2" errors="0" skipped="0" failures="0">
  <properties>
[...]
</properties>
  <testcase name="Be Able to get all samples" classname="pt.goncalo.springplayground.CucumberTest.SampleIntegrationTest" time="0.363"/>
  <testcase name="Be able to get one sample" classname="pt.goncalo.springplayground.CucumberTest.SampleIntegrationTest" time="0.059"/>
</testsuite>